<?xml version="1.0" encoding="UTF-8" ?>
<testsuite errors="1" failures="1" hostname="Asus" name="enigma.PlugBoardTest" skipped="0" tests="2" time="0.08" timestamp="2017-11-09T20:41:43">
  <properties>
    <property name="libs.jsp-compiler.javadoc" value="" />
    <property name="netbeans.autoupdate.country" value="US" />
    <property name="javac.test.classpath" value=":build/classes:C:\Program Files (x86)\NetBeans 8.1\platform\modules\ext\junit-4.12.jar:C:\Program Files (x86)\NetBeans 8.1\platform\modules\ext\hamcrest-core-1.3.jar" />
    <property name="libs.jsf20.maven-pom" value="" />
    <property name="libs.DataBindingME.src" value="C:\Users\Matt\AppData\Roaming\NetBeans\8.1\sources\netbeans_databindingme-src.zip" />
    <property name="libs.j2me_ant_ext.javadoc" value="" />
    <property name="libs.spring-webmvc4.0.src" value="" />
    <property name="javac.includes" value="enigma/PlugBoardTest.java" />
    <property name="libs.nokiaS80-ant-utils.javadoc" value="" />
    <property name="ant.core.lib" value="C:\Program Files (x86)\NetBeans 8.1\extide\ant\lib\ant.jar" />
    <property name="libs.jakarta_slide_ant_webdav.javadoc" value="" />
    <property name="javadoc.windowtitle" value="" />
    <property name="libs.jsp-compilation.javadoc" value="" />
    <property name="user.dir" value="C:\Users\Matt\Documents\GitHub\CIS2353-Fall2017-Yelk11\Enigma" />
    <property name="pythonplatform.Python_3.4.2.console" value="c:\Python34\python.exe" />
    <property name="libs.JMUnit4CLDC10.javadoc" value="C:\Users\Matt\AppData\Roaming\NetBeans\8.1\modules\docs\jmunit-1.2.1-api.zip" />
    <property name="java.vm.version" value="25.111-b14" />
    <property name="libs.DataBindingME.classpath" value="C:\Users\Matt\AppData\Roaming\NetBeans\8.1\modules\ext\netbeans_databindingme.jar" />
    <property name="libs.j2me_common_ant.src" value="" />
    <property name="libs.MySQLDriver.classpath" value="C:\Program Files (x86)\NetBeans 8.1\ide\modules\ext\mysql-connector-java-5.1.23-bin.jar" />
    <property name="libs.eclipselinkmodelgen.src" value="" />
    <property name="javadoc.notree" value="false" />
    <property name="netbeans.autoupdate.version" value="1.23" />
    <property name="libs.EclipseLink-GlassFish-v3.classpath" value="C:\Users\Matt\GlassFish_Server\glassfish\modules\org.eclipse.persistence.antlr.jar;C:\Users\Matt\GlassFish_Server\glassfish\modules\org.eclipse.persistence.asm.jar;C:\Users\Matt\GlassFish_Server\glassfish\modules\org.eclipse.persistence.core.jar;C:\Users\Matt\GlassFish_Server\glassfish\modules\org.eclipse.persistence.dbws.jar;C:\Users\Matt\GlassFish_Server\glassfish\modules\org.eclipse.persistence.jpa.jar;C:\Users\Matt\GlassFish_Server\glassfish\modules\org.eclipse.persistence.jpa.jpql.jar;C:\Users\Matt\GlassFish_Server\glassfish\modules\org.eclipse.persistence.jpa.modelgen.processor.jar;C:\Users\Matt\GlassFish_Server\glassfish\modules\org.eclipse.persistence.moxy.jar;C:\Users\Matt\GlassFish_Server\glassfish\modules\org.eclipse.persistence.oracle.jar;C:\Users\Matt\GlassFish_Server\glassfish\modules\javax.persistence.jar" />
    <property name="libs.javaee-web-api-6.0.classpath" value="C:\Users\Matt\AppData\Roaming\NetBeans\8.1\modules\ext\javaee-web-api-6.0.jar" />
    <property name="libs.DataBindingME-PIM.maven-pom" value="" />
    <property name="libs.Java-EE-GlassFish-v3-Prelude.javadoc" value="" />
    <property name="javac.profile.cmd.line.arg" value="" />
    <property name="jdk.home" value="C:\Program Files\Java\jdk1.8.0_111" />
    <property name="libs.javac-api.src" value="" />
    <property name="javadoc.noindex" value="false" />
    <property name="ant.file.type.Enigma-impl" value="file" />
    <property name="libs.jpa2-persistence.classpath" value="C:\Program Files (x86)\NetBeans 8.1\java\modules\ext\hibernate4\hibernate-jpa-2.1-api-1.0.0.Final.jar" />
    <property name="sun.os.patch.level" value="" />
    <property name="libs.Java-EE-GlassFish-v3-Prelude.src" value="" />
    <property name="do.archive+manifest.available" value="true" />
    <property name="java.vm.specification.name" value="Java Virtual Machine Specification" />
    <property name="libs.semc-ant-utils.classpath" value="C:\Users\Matt\AppData\Roaming\NetBeans\8.1\modules\ext\org-netbeans-modules-j2me-cdc-project-semc.jar" />
    <property name="nb.show.statistics.ui" value="usageStatisticsEnabled" />
    <property name="libs.nokiadeployment.classpath" value="C:\Users\Matt\AppData\Roaming\NetBeans\8.1\modules\org-netbeans-modules-mobility-deployment-nokia.jar" />
    <property name="netbeans.autoupdate.variant" value="" />
    <property name="have.tests" value="true" />
    <property name="libs.nokiaS80-ant-utils.maven-pom" value="" />
    <property name="org.xml.sax.driver" value="com.sun.org.apache.xerces.internal.jaxp.SAXParserImpl$JAXPSAXParser" />
    <property name="libs.hamcrest.classpath" value="C:\Program Files (x86)\NetBeans 8.1\platform\modules\ext\hamcrest-core-1.3.jar" />
    <property name="libs.javac-api.javadoc" value="" />
    <property name="os.name" value="Windows 10" />
    <property name="test.class" value="enigma.PlugBoardTest" />
    <property name="libs.beans-binding.classpath" value="C:\Program Files (x86)\NetBeans 8.1\java\modules\ext\beansbinding-1.2.1.jar" />
    <property name="ap.proc.none.internal" value="" />
    <property name="libs.DataBindingME-SVG.javadoc" value="C:\Users\Matt\AppData\Roaming\NetBeans\8.1\modules\docs\netbeans_databindingme_svg-api.zip" />
    <property name="libs.JWSAntTasks.maven-pom" value="" />
    <property name="libs.jstl.classpath" value="C:\Users\Matt\AppData\Roaming\NetBeans\8.1\modules\ext\jstl-impl.jar;C:\Users\Matt\AppData\Roaming\NetBeans\8.1\modules\ext\jstl-api.jar" />
    <property name="libs.testng.src" value="" />
    <property name="libs.ojec-ant-utils.src" value="" />
    <property name="libs.spring-webmvc3.0.src" value="" />
    <property name="java.vendor.url.bug" value="http://bugreport.sun.com/bugreport/" />
    <property name="libs.jaxb.maven-pom" value="" />
    <property name="os.arch" value="amd64" />
    <property name="libs.eclipselink.src" value="" />
    <property name="user.name" value="Matt" />
    <property name="libs.jsf12.javadoc" value="" />
    <property name="libs.Comet-GlassFish-v3.javadoc" value="" />
    <property name="copylibs.rebase" value="true" />
    <property name="libs.j2me_common_ant.maven-pom" value="" />
    <property name="libs.spring-webmvc3.0.maven-pom" value="" />
    <property name="libs.swing-layout.maven-pom" value="" />
    <property name="sun.java.command" value="org.apache.tools.ant.taskdefs.optional.junit.JUnitTestRunner enigma.PlugBoardTest skipNonTests=false filtertrace=true haltOnError=false haltOnFailure=false showoutput=true outputtoformatters=true logfailedtests=true threadid=0 logtestlistenerevents=true formatter=org.apache.tools.ant.taskdefs.optional.junit.BriefJUnitResultFormatter formatter=org.apache.tools.ant.taskdefs.optional.junit.XMLJUnitResultFormatter,C:\Users\Matt\Documents\GitHub\CIS2353-Fall2017-Yelk11\Enigma\build\test\results\TEST-enigma.PlugBoardTest.xml crashfile=C:\Users\Matt\Documents\GitHub\CIS2353-Fall2017-Yelk11\Enigma\build\junitvmwatcher993790195761741543.properties propsfile=C:\Users\Matt\Documents\GitHub\CIS2353-Fall2017-Yelk11\Enigma\build\junit6945195244774825451.properties" />
    <property name="build.classes.dir" value="build/classes" />
    <property name="netbeans.accept_license_class" value="org.netbeans.license.AcceptLicense" />
    <property name="build.sysclasspath" value="ignore" />
    <property name="ap.supported.internal" value="true" />
    <property name="java.failonerror" value="true" />
    <property name="libs.jaxws21.javadoc" value="C:\Program Files (x86)\NetBeans 8.1\java\docs\jaxws-api-doc.zip" />
    <property name="pythonplatform.Python_2.7.9.pythonlib" value="C:\Users\Matt\AppData\Roaming\NetBeans\8.1;C:\WINDOWS\SYSTEM32\python27.zip;c:\Python27\DLLs;c:\Python27\lib;c:\Python27\lib\plat-win;c:\Python27\lib\lib-tk;c:\Python27;c:\Python27\lib\site-packages" />
    <property name="libs.spring-webmvc4.0.javadoc" value="" />
    <property name="includes" value="**" />
    <property name="libs.ojec-ant-utils.maven-pom" value="" />
    <property name="user.country" value="US" />
    <property name="manifest.file" value="manifest.mf" />
    <property name="libs.JMUnit4CLDC11.src" value="" />
    <property name="javadoc.encoding" value="UTF-8" />
    <property name="javac.classpath" value="" />
    <property name="libs.jsp-compilation-syscp.src" value="" />
    <property name="libs.JAVADB_DRIVER_LABEL.src" value="" />
    <property name="libs.spring-framework400.classpath" value="C:\Program Files (x86)\NetBeans 8.1\ide\modules\org-apache-commons-logging.jar;C:\Program Files (x86)\NetBeans 8.1\java\modules\ext\cglib-2.2.jar;C:\Program Files (x86)\NetBeans 8.1\java\modules\ext\spring-4\spring-aop-4.0.1.RELEASE.jar;C:\Program Files (x86)\NetBeans 8.1\java\modules\ext\spring-4\spring-aspects-4.0.1.RELEASE.jar;C:\Program Files (x86)\NetBeans 8.1\java\modules\ext\spring-4\spring-beans-4.0.1.RELEASE.jar;C:\Program Files (x86)\NetBeans 8.1\java\modules\ext\spring-4\spring-build-src-4.0.1.RELEASE.jar;C:\Program Files (x86)\NetBeans 8.1\java\modules\ext\spring-4\spring-context-4.0.1.RELEASE.jar;C:\Program Files (x86)\NetBeans 8.1\java\modules\ext\spring-4\spring-context-support-4.0.1.RELEASE.jar;C:\Program Files (x86)\NetBeans 8.1\java\modules\ext\spring-4\spring-core-4.0.1.RELEASE.jar;C:\Program Files (x86)\NetBeans 8.1\java\modules\ext\spring-4\spring-expression-4.0.1.RELEASE.jar;C:\Program Files (x86)\NetBeans 8.1\java\modules\ext\spring-4\spring-framework-bom-4.0.1.RELEASE.jar;C:\Program Files (x86)\NetBeans 8.1\java\modules\ext\spring-4\spring-instrument-4.0.1.RELEASE.jar;C:\Program Files (x86)\NetBeans 8.1\java\modules\ext\spring-4\spring-instrument-tomcat-4.0.1.RELEASE.jar;C:\Program Files (x86)\NetBeans 8.1\java\modules\ext\spring-4\spring-jdbc-4.0.1.RELEASE.jar;C:\Program Files (x86)\NetBeans 8.1\java\modules\ext\spring-4\spring-jms-4.0.1.RELEASE.jar;C:\Program Files (x86)\NetBeans 8.1\java\modules\ext\spring-4\spring-messaging-4.0.1.RELEASE.jar;C:\Program Files (x86)\NetBeans 8.1\java\modules\ext\spring-4\spring-orm-4.0.1.RELEASE.jar;C:\Program Files (x86)\NetBeans 8.1\java\modules\ext\spring-4\spring-oxm-4.0.1.RELEASE.jar;C:\Program Files (x86)\NetBeans 8.1\java\modules\ext\spring-4\spring-test-4.0.1.RELEASE.jar;C:\Program Files (x86)\NetBeans 8.1\java\modules\ext\spring-4\spring-tx-4.0.1.RELEASE.jar;C:\Program Files (x86)\NetBeans 8.1\java\modules\ext\spring-4\spring-web-4.0.1.RELEASE.jar;C:\Program Files (x86)\NetBeans 8.1\java\modules\ext\spring-4\spring-webmvc-4.0.1.RELEASE.jar;C:\Program Files (x86)\NetBeans 8.1\java\modules\ext\spring-4\spring-webmvc-portlet-4.0.1.RELEASE.jar;C:\Program Files (x86)\NetBeans 8.1\java\modules\ext\spring-4\spring-websocket-4.0.1.RELEASE.jar" />
    <property name="debug-transport" value="dt_shmem" />
    <property name="netbeans.home" value="C:\Program Files (x86)\NetBeans 8.1\platform" />
    <property name="build.compiler.emacs" value="true" />
    <property name="libs.javaee-web-api-6.0.src" value="" />
    <property name="libs.jsp-compilation-syscp.classpath" value="C:\Program Files (x86)\NetBeans 8.1\extide\ant\lib\ant.jar;C:\Users\Matt\AppData\Roaming\NetBeans\8.1\modules\ext\servlet3.1-jsp2.3-api.jar;C:\Users\Matt\AppData\Roaming\NetBeans\8.1\modules\ext\glassfish-jspparser-4.0.jar;C:\Users\Matt\AppData\Roaming\NetBeans\8.1\modules\ext\jstl-impl.jar;C:\Users\Matt\AppData\Roaming\NetBeans\8.1\modules\ext\jsf-2_2\javax.faces.jar" />
    <property name="libs.nokiaS80-ant-utils.src" value="" />
    <property name="libs.cdc-pp-awt-layout.javadoc" value="" />
    <property name="libs.j2me_ant_ext.classpath" value="C:\Users\Matt\AppData\Roaming\NetBeans\8.1\modules\org-netbeans-modules-mobility-antext.jar;C:\Users\Matt\AppData\Roaming\NetBeans\8.1\modules\org-netbeans-modules-j2me-common-ant.jar;C:\Program Files (x86)\NetBeans 8.1\java\modules\org-netbeans-modules-classfile.jar" />
    <property name="java.endorsed.dirs" value="C:\Program Files\Java\jdk1.8.0_111\jre\lib\endorsed" />
    <property name="libs.Comet-GlassFish-v3.maven-pom" value="" />
    <property name="test.includes" value="enigma/PlugBoardTest.java" />
    <property name="netbeans.dynamic.classpath" value="C:\Program Files (x86)\NetBeans 8.1\platform\core\asm-all-5.0.1.jar;C:\Program Files (x86)\NetBeans 8.1\platform\core\core-base.jar;C:\Program Files (x86)\NetBeans 8.1\platform\core\core.jar;C:\Program Files (x86)\NetBeans 8.1\platform\core\org-netbeans-libs-asm.jar;C:\Program Files (x86)\NetBeans 8.1\platform\core\org-openide-filesystems-compat8.jar;C:\Program Files (x86)\NetBeans 8.1\platform\core\org-openide-filesystems.jar;C:\Program Files (x86)\NetBeans 8.1\platform\core\locale\core-base_ja.jar;C:\Program Files (x86)\NetBeans 8.1\platform\core\locale\core-base_pt_BR.jar;C:\Program Files (x86)\NetBeans 8.1\platform\core\locale\core-base_ru.jar;C:\Program Files (x86)\NetBeans 8.1\platform\core\locale\core-base_zh_CN.jar;C:\Program Files (x86)\NetBeans 8.1\platform\core\locale\core_ja.jar;C:\Program Files (x86)\NetBeans 8.1\platform\core\locale\core_pt_BR.jar;C:\Program Files (x86)\NetBeans 8.1\platform\core\locale\core_ru.jar;C:\Program Files (x86)\NetBeans 8.1\platform\core\locale\core_zh_CN.jar;C:\Program Files (x86)\NetBeans 8.1\platform\core\locale\org-netbeans-libs-asm_ja.jar;C:\Program Files (x86)\NetBeans 8.1\platform\core\locale\org-netbeans-libs-asm_pt_BR.jar;C:\Program Files (x86)\NetBeans 8.1\platform\core\locale\org-netbeans-libs-asm_ru.jar;C:\Program Files (x86)\NetBeans 8.1\platform\core\locale\org-netbeans-libs-asm_zh_CN.jar;C:\Program Files (x86)\NetBeans 8.1\platform\core\locale\org-openide-filesystems-compat8_ja.jar;C:\Program Files (x86)\NetBeans 8.1\platform\core\locale\org-openide-filesystems-compat8_pt_BR.jar;C:\Program Files (x86)\NetBeans 8.1\platform\core\locale\org-openide-filesystems-compat8_ru.jar;C:\Program Files (x86)\NetBeans 8.1\platform\core\locale\org-openide-filesystems-compat8_zh_CN.jar;C:\Program Files (x86)\NetBeans 8.1\platform\core\locale\org-openide-filesystems_ja.jar;C:\Program Files (x86)\NetBeans 8.1\platform\core\locale\org-openide-filesystems_pt_BR.jar;C:\Program Files (x86)\NetBeans 8.1\platform\core\locale\org-openide-filesystems_ru.jar;C:\Program Files (x86)\NetBeans 8.1\platform\core\locale\org-openide-filesystems_zh_CN.jar;C:\Program Files (x86)\NetBeans 8.1\nb\core\org-netbeans-upgrader.jar;C:\Program Files (x86)\NetBeans 8.1\nb\core\locale\core_nb.jar;C:\Program Files (x86)\NetBeans 8.1\nb\core\locale\core_nb_ja.jar;C:\Program Files (x86)\NetBeans 8.1\nb\core\locale\core_nb_pt_BR.jar;C:\Program Files (x86)\NetBeans 8.1\nb\core\locale\core_nb_ru.jar;C:\Program Files (x86)\NetBeans 8.1\nb\core\locale\core_nb_zh_CN.jar;C:\Program Files (x86)\NetBeans 8.1\nb\core\locale\org-netbeans-upgrader_ja.jar;C:\Program Files (x86)\NetBeans 8.1\nb\core\locale\org-netbeans-upgrader_pt_BR.jar;C:\Program Files (x86)\NetBeans 8.1\nb\core\locale\org-netbeans-upgrader_ru.jar;C:\Program Files (x86)\NetBeans 8.1\nb\core\locale\org-netbeans-upgrader_zh_CN.jar" />
    <property name="libs.cdc-agui-swing-layout.maven-pom" value="" />
    <property name="libs.cdc-pp-awt-layout.src" value="C:\Users\Matt\AppData\Roaming\NetBeans\8.1\sources\cdc-pp-awt-layout-src.zip" />
    <property name="java.vm.specification.version" value="1.8" />
    <property name="libs.jakarta_slide_ant_webdav.src" value="" />
    <property name="libs.hibernate4-support.src" value="" />
    <property name="libs.primefaces.classpath" value="C:\Users\Matt\AppData\Roaming\NetBeans\8.1\modules\ext\primefaces\primefaces-5.0.jar" />
    <property name="libs.javaee-api-6.0.classpath" value="C:\Users\Matt\AppData\Roaming\NetBeans\8.1\modules\ext\javaee-api-6.0.jar" />
    <property name="libs.sjmc-ant-utils.maven-pom" value="" />
    <property name="libs.JMUnit4CLDC10.maven-pom" value="" />
    <property name="netbeans.productversion" value="NetBeans IDE 8.1 (Build 201510222201)" />
    <property name="libs.jaxws21.src" value="" />
    <property name="do.archive" value="true" />
    <property name="netbeans.autoupdate.language" value="en" />
    <property name="libs.jakarta_slide_ant_webdav.classpath" value="C:\Users\Matt\AppData\Roaming\NetBeans\8.1\modules\ext\commons-httpclient-3.0.1.jar;C:\Program Files (x86)\NetBeans 8.1\ide\modules\org-apache-commons-logging.jar;C:\Users\Matt\AppData\Roaming\NetBeans\8.1\modules\ext\jdom-1.0.jar;C:\Users\Matt\AppData\Roaming\NetBeans\8.1\modules\ext\jakarta-slide-webdavlib-2.1.jar;C:\Users\Matt\AppData\Roaming\NetBeans\8.1\modules\ext\jakarta-slide-ant-webdav-2.1.jar" />
    <property name="java.vendor" value="Oracle Corporation" />
    <property name="libs.JMUnit4CLDC10.src" value="" />
    <property name="libs.javaee-api-6.0.javadoc" value="" />
    <property name="jar.index.metainf" value="false" />
    <property name="javac.debug" value="true" />
    <property name="javadoc.splitindex" value="true" />
    <property name="file.separator" value="\" />
    <property name="libs.Java-EE-GlassFish-v3-Prelude.maven-pom" value="" />
    <property name="javac.includesfile.binary" value="C:\Users\Matt\Documents\GitHub\CIS2353-Fall2017-Yelk11\Enigma\null1946311752" />
    <property name="libs.junit_4.maven-pom" value="" />
    <property name="mkdist.disabled" value="false" />
    <property name="javac.test.processorpath" value=":build/classes:C:\Program Files (x86)\NetBeans 8.1\platform\modules\ext\junit-4.12.jar:C:\Program Files (x86)\NetBeans 8.1\platform\modules\ext\hamcrest-core-1.3.jar" />
    <property name="netbeans.buildnumber" value="201510222201" />
    <property name="libs.JWSAntTasks.javadoc" value="" />
    <property name="build.generated.sources.dir" value="build/generated-sources" />
    <property name="user.variant" value="" />
    <property name="libs.eclipselinkmodelgen.classpath" value="C:\Program Files (x86)\NetBeans 8.1\java\modules\ext\eclipselink\org.eclipse.persistence.jpa.modelgen_2.5.2.v20140319-9ad6abd.jar" />
    <property name="sun.java.launcher" value="SUN_STANDARD" />
    <property name="libs.hibernate4-persistencemodelgen.javadoc" value="" />
    <property name="libs.jaxb.javadoc" value="C:\Program Files (x86)\NetBeans 8.1\ide\docs\jaxb-api-doc.zip" />
    <property name="libs.struts.classpath" value="C:\Users\Matt\AppData\Roaming\NetBeans\8.1\modules\ext\struts\antlr-2.7.2.jar;C:\Users\Matt\AppData\Roaming\NetBeans\8.1\modules\ext\struts\bsf-2.3.0.jar;C:\Users\Matt\AppData\Roaming\NetBeans\8.1\modules\ext\struts\commons-beanutils-1.8.0.jar;C:\Users\Matt\AppData\Roaming\NetBeans\8.1\modules\ext\struts\commons-chain-1.2.jar;C:\Users\Matt\AppData\Roaming\NetBeans\8.1\modules\ext\struts\commons-digester-1.8.jar;C:\Users\Matt\AppData\Roaming\NetBeans\8.1\modules\ext\struts\commons-fileupload-1.1.1.jar;C:\Users\Matt\AppData\Roaming\NetBeans\8.1\modules\ext\struts\commons-io-1.1.jar;C:\Users\Matt\AppData\Roaming\NetBeans\8.1\modules\ext\struts\commons-logging-1.0.4.jar;C:\Users\Matt\AppData\Roaming\NetBeans\8.1\modules\ext\struts\commons-validator-1.3.1.jar;C:\Users\Matt\AppData\Roaming\NetBeans\8.1\modules\ext\struts\jstl-1.0.2.jar;C:\Users\Matt\AppData\Roaming\NetBeans\8.1\modules\ext\struts\oro-2.0.8.jar;C:\Users\Matt\AppData\Roaming\NetBeans\8.1\modules\ext\struts\standard-1.0.6.jar;C:\Users\Matt\AppData\Roaming\NetBeans\8.1\modules\ext\struts\struts-core-1.3.10.jar;C:\Users\Matt\AppData\Roaming\NetBeans\8.1\modules\ext\struts\struts-el-1.3.10.jar;C:\Users\Matt\AppData\Roaming\NetBeans\8.1\modules\ext\struts\struts-extras-1.3.10.jar;C:\Users\Matt\AppData\Roaming\NetBeans\8.1\modules\ext\struts\struts-faces-1.3.10.jar;C:\Users\Matt\AppData\Roaming\NetBeans\8.1\modules\ext\struts\struts-mailreader-dao-1.3.10.jar;C:\Users\Matt\AppData\Roaming\NetBeans\8.1\modules\ext\struts\struts-scripting-1.3.10.jar;C:\Users\Matt\AppData\Roaming\NetBeans\8.1\modules\ext\struts\struts-taglib-1.3.10.jar;C:\Users\Matt\AppData\Roaming\NetBeans\8.1\modules\ext\struts\struts-tiles-1.3.10.jar" />
    <property name="org.openide.awt.SwingBrowserImpl.do-not-block-awt" value="false" />
    <property name="javac.includes.binary" value="C:\Users\Matt\Documents\GitHub\CIS2353-Fall2017-Yelk11\Enigma\build\test\classes\enigma\PlugBoardTest.class" />
    <property name="ant.home" value="C:\Program Files (x86)\NetBeans 8.1\extide\ant" />
    <property name="libs.junit_4.src" value="C:\Program Files (x86)\NetBeans 8.1\platform\docs\junit-4.12-sources.jar" />
    <property name="libs.testng.classpath" value="C:\Program Files (x86)\NetBeans 8.1\platform\modules\ext\testng-6.8.1-dist.jar" />
    <property name="libs.absolutelayout.maven-pom" value="" />
    <property name="ant.java.version" value="1.8" />
    <property name="java.library.path" value="C:\Program Files\Java\jdk1.8.0_111\jre\bin;C:\WINDOWS\Sun\Java\bin;C:\WINDOWS\system32;C:\WINDOWS;C:\ProgramData\Oracle\Java\javapath;C:\WINDOWS\system32;C:\WINDOWS;C:\WINDOWS\System32\Wbem;C:\WINDOWS\System32\WindowsPowerShell\v1.0\;C:\Program Files (x86)\Windows Live\Shared;C:\Program Files (x86)\ATI Technologies\ATI.ACE\Core-Static;C:\Program Files (x86)\Git\cmd;C:\Program Files\Java\jdk1.8.0_20\bin;C:\yagarto-20121222\bin;C:\Program Files\Microsoft SQL Server\110\Tools\Binn\;C:\Program Files\Microsoft SQL Server\120\Tools\Binn\;C:/MinGW\bin;C:\Program Files (x86)\Windows Kits\10\Windows Performance Toolkit\;C:\WINDOWS\system32\config\systemprofile\.dnx\bin;C:\Program Files\Microsoft DNX\Dnvm\;C:\Program Files (x86)\Common Files\Acronis\SnapAPI\;C:\Program Files (x86)\Skype\Phone\;C:\Program Files (x86)\Common Files\Acronis\VirtualFile\;C:\Program Files (x86)\Common Files\Acronis\VirtualFile64\;C:\Program Files\Microsoft SQL Server\130\Tools\Binn\;C:\Python34\Scripts\;C:\Users\Matt\AppData\Local\Programs\Python\Python35\Scripts\;C:\Users\Matt\AppData\Local\Programs\Python\Python35\;C:\Users\Matt\.dnx\bin;C:\Users\Matt\AppData\Local\Microsoft\WindowsApps;c:\Python27;C:\Python34\Scripts;C:\Users\Matt\AppData\Local\GitHubDesktop\bin;." />
    <property name="javadoc.author" value="false" />
    <property name="libs.EclipseLink-GlassFish-v3.src" value="" />
    <property name="java.util.logging.config.class" value="org.netbeans.core.startup.TopLogging" />
    <property name="libs.spring-framework400.src" value="" />
    <property name="libs.PostgreSQLDriver.src" value="" />
    <property name="sun.arch.data.model" value="64" />
    <property name="basedir" value="C:\Users\Matt\Documents\GitHub\CIS2353-Fall2017-Yelk11\Enigma" />
    <property name="libs.jpa20-persistence.maven-pom" value="" />
    <property name="jar.compress" value="false" />
    <property name="path.separator" value=";" />
    <property name="libs.javaee-web-api-6.0.javadoc" value="" />
    <property name="pythonplatform.Python_3.4.2.args" value="-u" />
    <property name="ant.junit.enabletestlistenerevents" value="true" />
    <property name="sun.io.unicode.encoding" value="UnicodeLittle" />
    <property name="libs.semc-ant-utils.javadoc" value="" />
    <property name="libs.jaxws21.classpath" value="C:\Program Files (x86)\NetBeans 8.1\ide\modules\ext\jaxb\jaxb-impl.jar;C:\Program Files (x86)\NetBeans 8.1\ide\modules\ext\jaxb\jaxb-xjc.jar;C:\Program Files (x86)\NetBeans 8.1\java\modules\ext\jaxws22\FastInfoset.jar;C:\Program Files (x86)\NetBeans 8.1\java\modules\ext\jaxws22\gmbal-api-only.jar;C:\Program Files (x86)\NetBeans 8.1\java\modules\ext\jaxws22\ha-api.jar;C:\Program Files (x86)\NetBeans 8.1\java\modules\ext\jaxws22\javax.mail_1.4.jar;C:\Program Files (x86)\NetBeans 8.1\java\modules\ext\jaxws22\jaxws-rt.jar;C:\Program Files (x86)\NetBeans 8.1\java\modules\ext\jaxws22\jaxws-tools.jar;C:\Program Files (x86)\NetBeans 8.1\java\modules\ext\jaxws22\management-api.jar;C:\Program Files (x86)\NetBeans 8.1\java\modules\ext\jaxws22\mimepull.jar;C:\Program Files (x86)\NetBeans 8.1\java\modules\ext\jaxws22\policy.jar;C:\Program Files (x86)\NetBeans 8.1\java\modules\ext\jaxws22\saaj-impl.jar;C:\Program Files (x86)\NetBeans 8.1\java\modules\ext\jaxws22\stax-ex.jar;C:\Program Files (x86)\NetBeans 8.1\java\modules\ext\jaxws22\stax2-api.jar;C:\Program Files (x86)\NetBeans 8.1\java\modules\ext\jaxws22\streambuffer.jar;C:\Program Files (x86)\NetBeans 8.1\java\modules\ext\jaxws22\woodstox-core-asl.jar;C:\Program Files (x86)\NetBeans 8.1\java\modules\ext\jaxws22\api\jaxws-api.jar;C:\Program Files (x86)\NetBeans 8.1\java\modules\ext\jaxws22\api\jsr181-api.jar;C:\Program Files (x86)\NetBeans 8.1\java\modules\ext\jaxws22\api\javax.annotation.jar;C:\Program Files (x86)\NetBeans 8.1\java\modules\ext\jaxws22\api\saaj-api.jar;C:\Program Files (x86)\NetBeans 8.1\ide\modules\ext\jaxb\activation.jar;C:\Program Files (x86)\NetBeans 8.1\ide\modules\ext\jaxb\api\jaxb-api.jar;C:\Program Files (x86)\NetBeans 8.1\ide\modules\ext\jaxb\api\jsr173_1.0_api.jar" />
    <property name="pythonplatform.Python_3.4.2.pythonlib" value="C:\Users\Matt\AppData\Roaming\NetBeans\8.1;c:\Python34\python34.zip;c:\Python34\DLLs;c:\Python34\lib;c:\Python34;c:\Python34\lib\site-packages" />
    <property name="libs.struts.src" value="" />
    <property name="apple.awt.graphics.UseQuartz" value="true" />
    <property name="user.language" value="en" />
    <property name="testng.mode" value="testng" />
    <property name="libs.JAXB-ENDORSED.maven-pom" value="" />
    <property name="libs.eclipselink.maven-pom" value="" />
    <property name="test.binaryincludes" value="&lt;nothing&gt;" />
    <property name="manifest.available" value="true" />
    <property name="libs.primefaces.javadoc" value="" />
    <property name="libs.spring-framework300.maven-pom" value="" />
    <property name="ant.file.Enigma" value="C:\Users\Matt\Documents\GitHub\CIS2353-Fall2017-Yelk11\Enigma\build.xml" />
    <property name="run.test.classpath" value=":build/classes:C:\Program Files (x86)\NetBeans 8.1\platform\modules\ext\junit-4.12.jar:C:\Program Files (x86)\NetBeans 8.1\platform\modules\ext\hamcrest-core-1.3.jar:build/test/classes" />
    <property name="ant.project.invoked-targets" value="test-single" />
    <property name="pythonplatform.Python_2.7.9.console" value="c:\Python27\python.exe" />
    <property name="test.binaryexcludes" value="" />
    <property name="libs.swing-layout.javadoc" value="C:\Program Files (x86)\NetBeans 8.1\platform\docs\swing-layout-1.0.4-doc.zip" />
    <property name="sun.java2d.dpiaware" value="true" />
    <property name="libs.hibernate4-persistence.maven-pom" value="" />
    <property name="libs.DataBindingME-SVG.classpath" value="C:\Users\Matt\AppData\Roaming\NetBeans\8.1\modules\ext\netbeans_databindingme_svg.jar" />
    <property name="https.nonProxyHosts" value="localhost|127.0.0.1|Asus" />
    <property name="libs.PostgreSQLDriver.maven-pom" value="" />
    <property name="java.class.version" value="52.0" />
    <property name="libs.JAVADB_DRIVER_LABEL.classpath" value="C:\Program Files (x86)\Java\jdk1.8.0_25\db\lib\derby.jar;C:\Program Files (x86)\Java\jdk1.8.0_25\db\lib\derbyclient.jar;C:\Program Files (x86)\Java\jdk1.8.0_25\db\lib\derbynet.jar" />
    <property name="libs.hibernate4-persistencemodelgen.maven-pom" value="" />
    <property name="libs.javaee-endorsed-api-6.0.src" value="" />
    <property name="libs.cdc-ant-utils.classpath" value="C:\Users\Matt\AppData\Roaming\NetBeans\8.1\modules\ext\org-netbeans-modules-j2me-cdc-project.jar" />
    <property name="libs.eclipselink.javadoc" value="C:\Program Files (x86)\NetBeans 8.1\java\modules\ext\docs\javax.persistence-2.1.0-doc.zip" />
    <property name="glass.win.renderScale" value="100%" />
    <property name="libs.jsp-compilation.maven-pom" value="" />
    <property name="user.properties.file" value="C:\Users\Matt\AppData\Roaming\NetBeans\8.1\build.properties" />
    <property name="runtime.encoding" value="UTF-8" />
    <property name="libs.javac-api.maven-pom" value="" />
    <property name="libs.javaee-api-5.0.maven-pom" value="" />
    <property name="file.encoding.pkg" value="sun.io" />
    <property name="sun.cpu.endian" value="little" />
    <property name="libs.JAXB-ENDORSED.javadoc" value="" />
    <property name="libs.JWSAntTasks.classpath" value="C:\Program Files (x86)\NetBeans 8.1\java\ant\extra\org-netbeans-modules-javawebstart-anttasks.jar" />
    <property name="libs.spring-webmvc4.0.maven-pom" value="" />
    <property name="libs.spring-framework300.src" value="" />
    <property name="libs.ant-contrib.classpath" value="C:\Users\Matt\AppData\Roaming\NetBeans\8.1\modules\ext\ant-contrib-1.0b3.jar" />
    <property name="libs.jstl.src" value="" />
    <property name="empty.dir" value="C:\Users\Matt\Documents\GitHub\CIS2353-Fall2017-Yelk11\Enigma\build\empty" />
    <property name="version-output" value="java version &quot;1.8" />
    <property name="test.binarytestincludes" value="" />
    <property name="libs.hibernate4-persistencemodelgen.src" value="" />
    <property name="javadoc.preview" value="true" />
    <property name="libs.jpa20-persistence.javadoc" value="C:\Program Files (x86)\NetBeans 8.1\java\modules\ext\docs\javax.persistence-2.1.0-doc.zip" />
    <property name="java.home" value="C:\Program Files\Java\jdk1.8.0_111\jre" />
    <property name="libs.ojec-ant-utils.javadoc" value="" />
    <property name="libs.jsp-compilation.src" value="" />
    <property name="libs.ant-contrib.javadoc" value="" />
    <property name="debug.test.classpath" value=":build/classes:C:\Program Files (x86)\NetBeans 8.1\platform\modules\ext\junit-4.12.jar:C:\Program Files (x86)\NetBeans 8.1\platform\modules\ext\hamcrest-core-1.3.jar:build/test/classes" />
    <property name="libs.javaee-endorsed-api-6.0.classpath" value="C:\Users\Matt\AppData\Roaming\NetBeans\8.1\modules\ext\javaee6-endorsed\javax.annotation.jar;C:\Users\Matt\AppData\Roaming\NetBeans\8.1\modules\ext\javaee6-endorsed\jaxb-api-osgi.jar;C:\Users\Matt\AppData\Roaming\NetBeans\8.1\modules\ext\javaee6-endorsed\webservices-api-osgi.jar" />
    <property name="libs.javaee-api-6.0.src" value="" />
    <property name="javafx.version" value="8.0.111" />
    <property name="netbeans.importclass" value="org.netbeans.upgrade.AutoUpgrade" />
    <property name="ant.project.default-target" value="default" />
    <property name="annotation.processing.run.all.processors" value="true" />
    <property name="libs.savaje-ant-utils.classpath" value="C:\Users\Matt\AppData\Roaming\NetBeans\8.1\modules\ext\org-netbeans-modules-j2me-cdc-project-savaje.jar" />
    <property name="libs.DataBindingME.maven-pom" value="" />
    <property name="libs.PostgreSQLDriver.javadoc" value="" />
    <property name="libs.JMUnit4CLDC11.javadoc" value="C:\Users\Matt\AppData\Roaming\NetBeans\8.1\modules\docs\jmunit-1.2.1-api.zip" />
    <property name="libs.MySQLDriver.maven-pom" value="" />
    <property name="pythonplatform.Python_3.4.2.name" value="Python 3.4.2" />
    <property name="libs.savaje-ant-utils.src" value="" />
    <property name="libs.hibernate4-persistence.javadoc" value="C:\Program Files (x86)\NetBeans 8.1\java\modules\ext\docs\javax.persistence-2.1.0-doc.zip" />
    <property name="http.nonProxyHosts" value="localhost|127.0.0.1|Asus" />
    <property name="libs.junit_4.javadoc" value="C:\Program Files (x86)\NetBeans 8.1\platform\docs\junit-4.12-javadoc.jar" />
    <property name="libs.EclipseLink-GlassFish-v3.maven-pom" value="" />
    <property name="libs.javaee-web-api-6.0.maven-pom" value="" />
    <property name="libs.cdc-pp-awt-layout.classpath" value="C:\Users\Matt\AppData\Roaming\NetBeans\8.1\modules\ext\cdc-pp-awt-layout.jar" />
    <property name="libs.cdc-agui-swing-layout.src" value="C:\Users\Matt\AppData\Roaming\NetBeans\8.1\sources\cdc-agui-swing-layout-src.zip" />
    <property name="run.classpath" value=":build/classes" />
    <property name="jna.boot.library.name" value="jnidispatch-410" />
    <property name="libs.javaee-endorsed-api-6.0.javadoc" value="" />
    <property name="libs.JMUnit4CLDC11.classpath" value="C:\Users\Matt\AppData\Roaming\NetBeans\8.1\modules\ext\jmunit4cldc11-1.2.1.jar" />
    <property name="sun.awt.datatransfer.timeout" value="1000" />
    <property name="libs.spring-webmvc3.0.javadoc" value="" />
    <property name="libs.jpa2-persistence.maven-pom" value="" />
    <property name="annotation.processing.enabled.in.editor" value="false" />
    <property name="libs.hibernate4-support.classpath" value="C:\Program Files (x86)\NetBeans 8.1\java\modules\ext\hibernate4\antlr-2.7.7.jar;C:\Program Files (x86)\NetBeans 8.1\java\modules\ext\hibernate4\c3p0-0.9.2.1.jar;C:\Program Files (x86)\NetBeans 8.1\java\modules\ext\hibernate4\hibernate-c3p0-4.3.1.Final.jar;C:\Program Files (x86)\NetBeans 8.1\java\modules\ext\hibernate4\mchange-commons-java-0.2.3.4.jar;C:\Program Files (x86)\NetBeans 8.1\java\modules\ext\hibernate4\dom4j-1.6.1.jar;C:\Program Files (x86)\NetBeans 8.1\java\modules\ext\hibernate4\ehcache-core-2.4.3.jar;C:\Program Files (x86)\NetBeans 8.1\java\modules\ext\hibernate4\hibernate-ehcache-4.3.1.Final.jar;C:\Program Files (x86)\NetBeans 8.1\java\modules\ext\hibernate4\hibernate-core-4.3.1.Final.jar;C:\Program Files (x86)\NetBeans 8.1\java\modules\ext\hibernate4\jboss-logging-3.1.3.GA.jar;C:\Program Files (x86)\NetBeans 8.1\java\modules\ext\hibernate4\hibernate-commons-annotations-4.0.4.Final.jar;C:\Program Files (x86)\NetBeans 8.1\java\modules\ext\hibernate4\hibernate-entitymanager-4.3.1.Final.jar;C:\Program Files (x86)\NetBeans 8.1\java\modules\ext\hibernate4\javassist-3.18.1-GA.jar;C:\Program Files (x86)\NetBeans 8.1\java\modules\ext\hibernate4\jboss-transaction-api_1.2_spec-1.0.0.Final.jar;C:\Program Files (x86)\NetBeans 8.1\java\modules\ext\hibernate4\slf4j-api-1.6.1.jar;C:\Program Files (x86)\NetBeans 8.1\java\modules\ext\hibernate4\slf4j-simple-1.6.1.jar" />
    <property name="libs.semc-ant-utils.maven-pom" value="" />
    <property name="nb.native.filechooser" value="false" />
    <property name="libs.nokiadeployment.maven-pom" value="" />
    <property name="sun.management.compiler" value="HotSpot 64-Bit Tiered Compilers" />
    <property name="libs.j2me_common_ant.javadoc" value="" />
    <property name="javac.deprecation" value="false" />
    <property name="javadoc.use" value="true" />
    <property name="sun.java2d.noddraw" value="true" />
    <property name="libs.jsp-compiler.classpath" value="C:\Users\Matt\AppData\Roaming\NetBeans\8.1\ant\extra\jspcompile.jar" />
    <property name="javac.processorpath" value="" />
    <property name="libs.hamcrest.maven-pom" value="" />
    <property name="javac.compilerargs" value="" />
    <property name="ant.file" value="C:\Users\Matt\Documents\GitHub\CIS2353-Fall2017-Yelk11\Enigma\build.xml" />
    <property name="libs.beans-binding.maven-pom" value="" />
    <property name="libs.hibernate4-support.javadoc" value="C:\Program Files (x86)\NetBeans 8.1\java\modules\ext\docs\javax.persistence-2.1.0-doc.zip" />
    <property name="libs.jsf12.classpath" value="C:\Users\Matt\AppData\Roaming\NetBeans\8.1\modules\ext\jsf-1_2\commons-beanutils.jar;C:\Users\Matt\AppData\Roaming\NetBeans\8.1\modules\ext\jsf-1_2\commons-collections.jar;C:\Users\Matt\AppData\Roaming\NetBeans\8.1\modules\ext\jsf-1_2\commons-digester.jar;C:\Users\Matt\AppData\Roaming\NetBeans\8.1\modules\ext\jsf-1_2\commons-logging.jar;C:\Users\Matt\AppData\Roaming\NetBeans\8.1\modules\ext\jsf-1_2\jsf-api.jar;C:\Users\Matt\AppData\Roaming\NetBeans\8.1\modules\ext\jsf-1_2\jsf-impl.jar" />
    <property name="libs.Java-EE-GlassFish-v3-Prelude.classpath" value="C:\Users\Matt\GlassFish_Server\glassfish\modules\endorsed\javax.annotation-api.jar;C:\Users\Matt\GlassFish_Server\glassfish\modules\endorsed\jaxb-api.jar;C:\Users\Matt\GlassFish_Server\glassfish\modules\endorsed\webservices-api-osgi.jar;C:\Users\Matt\GlassFish_Server\glassfish\modules\bean-validator.jar;C:\Users\Matt\GlassFish_Server\glassfish\modules\cdi-api.jar;C:\Users\Matt\GlassFish_Server\glassfish\modules\javax.batch-api.jar;C:\Users\Matt\GlassFish_Server\glassfish\modules\javax.ejb-api.jar;C:\Users\Matt\GlassFish_Server\glassfish\modules\javax.el.jar;C:\Users\Matt\GlassFish_Server\glassfish\modules\javax.enterprise.concurrent-api.jar;C:\Users\Matt\GlassFish_Server\glassfish\modules\javax.enterprise.concurrent.jar;C:\Users\Matt\GlassFish_Server\glassfish\modules\javax.enterprise.deploy-api.jar;C:\Users\Matt\GlassFish_Server\glassfish\modules\javax.faces.jar;C:\Users\Matt\GlassFish_Server\glassfish\modules\javax.inject.jar;C:\Users\Matt\GlassFish_Server\glassfish\modules\javax.interceptor-api.jar;C:\Users\Matt\GlassFish_Server\glassfish\modules\javax.jms-api.jar;C:\Users\Matt\GlassFish_Server\glassfish\modules\javax.json.jar;C:\Users\Matt\GlassFish_Server\glassfish\modules\javax.mail.jar;C:\Users\Matt\GlassFish_Server\glassfish\modules\javax.management.j2ee-api.jar;C:\Users\Matt\GlassFish_Server\glassfish\modules\javax.persistence.jar;C:\Users\Matt\GlassFish_Server\glassfish\modules\javax.resource-api.jar;C:\Users\Matt\GlassFish_Server\glassfish\modules\javax.security.auth.message-api.jar;C:\Users\Matt\GlassFish_Server\glassfish\modules\javax.security.jacc-api.jar;C:\Users\Matt\GlassFish_Server\glassfish\modules\javax.servlet-api.jar;C:\Users\Matt\GlassFish_Server\glassfish\modules\javax.servlet.jsp-api.jar;C:\Users\Matt\GlassFish_Server\glassfish\modules\javax.servlet.jsp.jar;C:\Users\Matt\GlassFish_Server\glassfish\modules\javax.servlet.jsp.jstl-api.jar;C:\Users\Matt\GlassFish_Server\glassfish\modules\javax.servlet.jsp.jstl.jar;C:\Users\Matt\GlassFish_Server\glassfish\modules\javax.transaction-api.jar;C:\Users\Matt\GlassFish_Server\glassfish\modules\javax.websocket-api.jar;C:\Users\Matt\GlassFish_Server\glassfish\modules\javax.ws.rs-api.jar;C:\Users\Matt\GlassFish_Server\glassfish\modules\javax.xml.registry-api.jar;C:\Users\Matt\GlassFish_Server\glassfish\modules\javax.xml.rpc-api.jar;C:\Users\Matt\GlassFish_Server\glassfish\modules\jaxb-osgi.jar;C:\Users\Matt\GlassFish_Server\glassfish\modules\webservices-osgi.jar;C:\Users\Matt\GlassFish_Server\glassfish\modules\weld-osgi-bundle.jar;C:\Users\Matt\GlassFish_Server\mq\lib\jaxm-api.jar" />
    <property name="libs.jstl.maven-pom" value="" />
    <property name="libs.javaee-api-5.0.src" value="" />
    <property name="pythonplatform.Python_3.4.2.sourcelevel" value="3.4" />
    <property name="libs.beans-binding.src" value="" />
    <property name="java.vm.specification.vendor" value="Oracle Corporation" />
    <property name="libs.DataBindingME-PIM.javadoc" value="C:\Users\Matt\AppData\Roaming\NetBeans\8.1\modules\docs\netbeans_databindingme_pim-api.zip" />
    <property name="libs.swing-layout.src" value="C:\Program Files (x86)\NetBeans 8.1\platform\docs\swing-layout-1.0.4-src.zip" />
    <property name="libs.j2me_ant_ext.src" value="" />
    <property name="org.openide.major.version" value="IDE/1" />
    <property name="java.vm.name" value="Java HotSpot(TM) 64-Bit Server VM" />
    <property name="netbeans.user" value="C:\Users\Matt\AppData\Roaming\NetBeans\8.1" />
    <property name="javadoc.additionalparam" value="" />
    <property name="java.io.tmpdir" value="C:\Users\Matt\AppData\Local\Temp\" />
    <property name="java.vendor.url" value="http://java.oracle.com/" />
    <property name="endorsed.classpath.cmd.line.arg" value="" />
    <property name="junit.available" value="true" />
    <property name="libs.javaee-api-5.0.javadoc" value="" />
    <property name="libs.jsp-compiler.src" value="" />
    <property name="org.openide.awt.ActionReference.completion" value="org.netbeans.modules.apisupport.project.layers.PathCompletions" />
    <property name="sun.boot.library.path" value="C:\Program Files\Java\jdk1.8.0_111\jre\bin" />
    <property name="have.sources" value="true" />
    <property name="libs.hamcrest.javadoc" value="" />
    <property name="debug.classpath" value=":build/classes" />
    <property name="ant.file.Enigma-impl" value="C:\Users\Matt\Documents\GitHub\CIS2353-Fall2017-Yelk11\Enigma\nbproject\build-impl.xml" />
    <property name="javac.external.vm" value="true" />
    <property name="javadoc.private" value="false" />
    <property name="javafx.runtime.version" value="8.0.111-b14" />
    <property name="test.src.dir" value="test" />
    <property name="libs.jsf20.classpath" value="C:\Users\Matt\AppData\Roaming\NetBeans\8.1\modules\ext\jsf-2_2\javax.faces.jar" />
    <property name="ap.processors.internal" value="" />
    <property name="meta.inf.dir" value="src/META-INF" />
    <property name="javadoc.encoding.used" value="UTF-8" />
    <property name="libs.DataBindingME-SVG.src" value="C:\Users\Matt\AppData\Roaming\NetBeans\8.1\sources\netbeans_databindingme_svg-src.zip" />
    <property name="dist.jar" value="dist/Enigma.jar" />
    <property name="libs.spring-framework400.maven-pom" value="" />
    <property name="java.runtime.name" value="Java(TM) SE Runtime Environment" />
    <property name="ant.project.name" value="Enigma" />
    <property name="netbeans.hash.code" value="unique=NB_EXTIDE_JAVA00742b8cf-e353-4abb-a25a-19ef34a7d77c_053187dc-78c0-4ff0-8f70-c26f36014d0d" />
    <property name="netbeans.default_userdir_root" value="C:\Users\Matt\AppData\Roaming\NetBeans" />
    <property name="libs.jsp-compilation-syscp.maven-pom" value="" />
    <property name="sun.cpu.isalist" value="amd64" />
    <property name="libs.j2me_ant_ext.maven-pom" value="" />
    <property name="libs.spring-framework400.javadoc" value="" />
    <property name="libs.CopyLibs.javadoc" value="" />
    <property name="org.openide.specification.version" value="6.2" />
    <property name="libs.DataBindingME-PIM.classpath" value="C:\Users\Matt\AppData\Roaming\NetBeans\8.1\modules\ext\netbeans_databindingme_pim.jar" />
    <property name="user.home" value="C:\Users\Matt" />
    <property name="annotation.processing.processors.list" value="" />
    <property name="debug-args-line" value="-Xdebug" />
    <property name="libs.primefaces.maven-pom" value="" />
    <property name="libs.javaee-api-6.0.maven-pom" value="" />
    <property name="libs.JWSAntTasks.src" value="" />
    <property name="libs.CopyLibs.maven-pom" value="" />
    <property name="jar.index" value="false" />
    <property name="libs.absolutelayout.javadoc" value="" />
    <property name="libs.spring-framework300.javadoc" value="" />
    <property name="java.specification.name" value="Java Platform API Specification" />
    <property name="libs.jakarta_slide_ant_webdav.maven-pom" value="" />
    <property name="pythonplatform.Python_3.4.2.interpreter" value="c:\Python34\python.exe" />
    <property name="do.archive+main.class.available" value="true" />
    <property name="libs.sjmc-ant-utils.src" value="" />
    <property name="ant.file.type.Enigma" value="file" />
    <property name="java.specification.vendor" value="Oracle Corporation" />
    <property name="libs.cdc-agui-swing-layout.javadoc" value="" />
    <property name="libs.javac-api.classpath" value="C:\Program Files (x86)\NetBeans 8.1\java\modules\ext\nb-javac-api.jar" />
    <property name="java.version" value="1.8.0_111" />
    <property name="libs.nokiaS80-ant-utils.classpath" value="C:\Users\Matt\AppData\Roaming\NetBeans\8.1\modules\ext\org-netbeans-modules-j2me-cdc-project-nokiaS80.jar" />
    <property name="javadoc.version" value="false" />
    <property name="run.jvmargs.ide" value="" />
    <property name="libs.MySQLDriver.javadoc" value="" />
    <property name="org.openide.version" value="deprecated" />
    <property name="source.encoding" value="UTF-8" />
    <property name="platform.java" value="C:\Program Files\Java\jdk1.8.0_111\jre/bin/java" />
    <property name="ap.cmd.line.internal" value="" />
    <property name="libs.eclipselinkmodelgen.maven-pom" value="" />
    <property name="libs.jsp-compilation-syscp.javadoc" value="" />
    <property name="glass.win.uiScale" value="100%" />
    <property name="libs.eclipselinkmodelgen.javadoc" value="" />
    <property name="libs.struts.maven-pom" value="" />
    <property name="netbeans.home+have.tests" value="true" />
    <property name="pythonplatform.Python_2.7.9.sourcelevel" value="2.7" />
    <property name="annotation.processing.processor.options" value="" />
    <property name="libs.testng.maven-pom" value="" />
    <property name="libs.jaxb.src" value="" />
    <property name="libs.cdc-ant-utils.src" value="" />
    <property name="work.dir" value="C:\Users\Matt\Documents\GitHub\CIS2353-Fall2017-Yelk11\Enigma" />
    <property name="libs.jaxb.classpath" value="C:\Program Files (x86)\NetBeans 8.1\ide\modules\ext\jaxb\jaxb-impl.jar;C:\Program Files (x86)\NetBeans 8.1\ide\modules\ext\jaxb\jaxb-xjc.jar;C:\Program Files (x86)\NetBeans 8.1\ide\modules\ext\jaxb\jaxb1-impl.jar;C:\Program Files (x86)\NetBeans 8.1\ide\modules\ext\jaxb\activation.jar;C:\Program Files (x86)\NetBeans 8.1\ide\modules\ext\jaxb\api\jaxb-api.jar;C:\Program Files (x86)\NetBeans 8.1\ide\modules\ext\jaxb\api\jsr173_1.0_api.jar" />
    <property name="do.depend" value="false" />
    <property name="dist.javadoc.dir" value="dist/javadoc" />
    <property name="libs.j2me_common_ant.classpath" value="C:\Users\Matt\AppData\Roaming\NetBeans\8.1\modules\org-netbeans-modules-j2me-common-ant.jar;C:\Program Files (x86)\NetBeans 8.1\java\modules\org-netbeans-modules-classfile.jar" />
    <property name="libs.swing-layout.classpath" value="C:\Program Files (x86)\NetBeans 8.1\platform\modules\ext\swing-layout-1.0.4.jar" />
    <property name="libs.spring-webmvc3.0.classpath" value="C:\Program Files (x86)\NetBeans 8.1\java\modules\ext\spring-3.0\spring-webmvc-3.2.7.RELEASE.jar" />
    <property name="javac.source" value="1.8" />
    <property name="build.generated.dir" value="build/generated" />
    <property name="line.separator" value="&#xd;&#xa;" />
    <property name="java.specification.version" value="1.8" />
    <property name="java.vm.info" value="mixed mode" />
    <property name="libs.jaxws21.maven-pom" value="" />
    <property name="libs.cdc-ant-utils.javadoc" value="" />
    <property name="nb.junit.batch" value="true" />
    <property name="junit.forkmode" value="perTest" />
    <property name="libs.ojec-ant-utils.classpath" value="C:\Users\Matt\AppData\Roaming\NetBeans\8.1\modules\ext\org-netbeans-modules-j2me-cdc-project-ojec.jar" />
    <property name="sun.boot.class.path" value="C:\Program Files\Java\jdk1.8.0_111\jre\lib\resources.jar;C:\Program Files\Java\jdk1.8.0_111\jre\lib\rt.jar;C:\Program Files\Java\jdk1.8.0_111\jre\lib\sunrsasign.jar;C:\Program Files\Java\jdk1.8.0_111\jre\lib\jsse.jar;C:\Program Files\Java\jdk1.8.0_111\jre\lib\jce.jar;C:\Program Files\Java\jdk1.8.0_111\jre\lib\charsets.jar;C:\Program Files\Java\jdk1.8.0_111\jre\lib\jfr.jar;C:\Program Files\Java\jdk1.8.0_111\jre\classes" />
    <property name="javac.target" value="1.8" />
    <property name="built-jar.properties" value="C:\Users\Matt\Documents\GitHub\CIS2353-Fall2017-Yelk11\Enigma\build\built-jar.properties" />
    <property name="build.test.classes.dir" value="build/test/classes" />
    <property name="src.dir" value="src" />
    <property name="sun.awt.keepWorkingSetOnMinimize" value="true" />
    <property name="libs.jpa2-persistence.src" value="" />
    <property name="annotation.processing.enabled" value="true" />
    <property name="libs.jsf20.src" value="" />
    <property name="libs.jpa20-persistence.src" value="" />
    <property name="libs.jsf12.src" value="" />
    <property name="libs.DataBindingME-SVG.maven-pom" value="" />
    <property name="libs.nokiadeployment.src" value="" />
    <property name="libs.savaje-ant-utils.javadoc" value="" />
    <property name="libs.JAVADB_DRIVER_LABEL.maven-pom" value="" />
    <property name="libs.struts.javadoc" value="C:\Users\Matt\AppData\Roaming\NetBeans\8.1\docs\struts-1.3.10-javadoc.zip" />
    <property name="ignore.failing.tests" value="true" />
    <property name="libs.cdc-ant-utils.maven-pom" value="" />
    <property name="libs.Comet-GlassFish-v3.classpath" value="" />
    <property name="libs.primefaces.src" value="" />
    <property name="libs.cdc-agui-swing-layout.classpath" value="C:\Users\Matt\AppData\Roaming\NetBeans\8.1\modules\ext\cdc-agui-swing-layout.jar" />
    <property name="dist.dir" value="dist" />
    <property name="testng.debug.mode" value="" />
    <property name="javac.fork" value="true" />
    <property name="libs.sjmc-ant-utils.classpath" value="C:\Users\Matt\AppData\Roaming\NetBeans\8.1\modules\ext\org-netbeans-modules-j2me-cdc-project-sjmc.jar" />
    <property name="libs.JMUnit4CLDC10.classpath" value="C:\Users\Matt\AppData\Roaming\NetBeans\8.1\modules\ext\jmunit4cldc10-1.2.1.jar" />
    <property name="java.awt.printerjob" value="sun.awt.windows.WPrinterJob" />
    <property name="default.javac.source" value="1.8" />
    <property name="pythonplatform.Python_2.7.9.interpreter" value="c:\Python27\python.exe" />
    <property name="debug-transport-by-os" value="dt_shmem" />
    <property name="libs.MySQLDriver.src" value="" />
    <property name="sun.jnu.encoding" value="Cp1252" />
    <property name="libs.ant-contrib.maven-pom" value="" />
    <property name="libs.nokiadeployment.javadoc" value="" />
    <property name="build.test.results.dir" value="build/test/results" />
    <property name="java.runtime.version" value="1.8.0_111-b14" />
    <property name="libs.sjmc-ant-utils.javadoc" value="" />
    <property name="default.javac.target" value="1.8" />
    <property name="libs.junit_4.classpath" value="C:\Program Files (x86)\NetBeans 8.1\platform\modules\ext\junit-4.12.jar" />
    <property name="pythonplatform.Python_2.7.9.args" value="-u" />
    <property name="user.timezone" value="" />
    <property name="nb.junit.single" value="false" />
    <property name="libs.javaee-endorsed-api-6.0.maven-pom" value="" />
    <property name="libs.ant-contrib.src" value="" />
    <property name="libs.JAVADB_DRIVER_LABEL.javadoc" value="" />
    <property name="netbeans.dirs" value="C:\Program Files (x86)\NetBeans 8.1\nb;C:\Program Files (x86)\NetBeans 8.1\ergonomics;C:\Program Files (x86)\NetBeans 8.1\ide;C:\Program Files (x86)\NetBeans 8.1\extide;C:\Program Files (x86)\NetBeans 8.1\java;C:\Program Files (x86)\NetBeans 8.1\apisupport;C:\Program Files (x86)\NetBeans 8.1\webcommon;C:\Program Files (x86)\NetBeans 8.1\websvccommon;C:\Program Files (x86)\NetBeans 8.1\enterprise;C:\Program Files (x86)\NetBeans 8.1\mobility;C:\Program Files (x86)\NetBeans 8.1\profiler;C:\Program Files (x86)\NetBeans 8.1\python;C:\Program Files (x86)\NetBeans 8.1\php;C:\Program Files (x86)\NetBeans 8.1\identity;C:\Program Files (x86)\NetBeans 8.1\harness;C:\Program Files (x86)\NetBeans 8.1\cnd;C:\Program Files (x86)\NetBeans 8.1\cndext;C:\Program Files (x86)\NetBeans 8.1\dlight;C:\Program Files (x86)\NetBeans 8.1\groovy;C:\Program Files (x86)\NetBeans 8.1\extra;C:\Program Files (x86)\NetBeans 8.1\javacard;C:\Program Files (x86)\NetBeans 8.1\javafx" />
    <property name="libs.jsf20.javadoc" value="" />
    <property name="libs.jstl.javadoc" value="" />
    <property name="java.ext.dirs" value="C:\Program Files\Java\jdk1.8.0_111\jre\lib\ext;C:\WINDOWS\Sun\Java\lib\ext" />
    <property name="libs.savaje-ant-utils.maven-pom" value="" />
    <property name="libs.semc-ant-utils.src" value="" />
    <property name="libs.absolutelayout.classpath" value="C:\Users\Matt\AppData\Roaming\NetBeans\8.1\modules\ext\AbsoluteLayout.jar" />
    <property name="excludes" value="" />
    <property name="libs.jpa2-persistence.javadoc" value="C:\Program Files (x86)\NetBeans 8.1\java\modules\ext\docs\javax.persistence-2.1.0-doc.zip" />
    <property name="libs.DataBindingME.javadoc" value="C:\Users\Matt\AppData\Roaming\NetBeans\8.1\modules\docs\netbeans_databindingme-api.zip" />
    <property name="apple.laf.useScreenMenuBar" value="true" />
    <property name="java.class.path" value="C:\Users\Matt\Documents\GitHub\CIS2353-Fall2017-Yelk11\Enigma\build\classes;C:\Program Files (x86)\NetBeans 8.1\platform\modules\ext\junit-4.12.jar;C:\Program Files (x86)\NetBeans 8.1\platform\modules\ext\hamcrest-core-1.3.jar;C:\Users\Matt\Documents\GitHub\CIS2353-Fall2017-Yelk11\Enigma\build\test\classes;C:\Program Files (x86)\NetBeans 8.1\extide\ant\lib\ant-launcher.jar;C:\Program Files (x86)\NetBeans 8.1\extide\ant\lib\ant.jar;C:\Program Files (x86)\NetBeans 8.1\extide\ant\lib\ant-junit.jar;C:\Program Files (x86)\NetBeans 8.1\extide\ant\lib\ant-junit4.jar" />
    <property name="do.mkdist" value="true" />
    <property name="libs.absolutelayout.src" value="" />
    <property name="libs.jpa20-persistence.classpath" value="C:\Program Files (x86)\NetBeans 8.1\java\modules\ext\eclipselink\javax.persistence_2.1.0.v201304241213.jar" />
    <property name="libs.cdc-pp-awt-layout.maven-pom" value="" />
    <property name="os.version" value="10.0" />
    <property name="application.args" value="" />
    <property name="libs.EclipseLink-GlassFish-v3.javadoc" value="" />
    <property name="libs.JMUnit4CLDC11.maven-pom" value="" />
    <property name="main.class.available" value="true" />
    <property name="sun.awt.enableExtraMouseButtons" value="true" />
    <property name="sun.desktop" value="windows" />
    <property name="libs.hibernate4-persistence.src" value="" />
    <property name="libs.hibernate4-support.maven-pom" value="" />
    <property name="libs.Comet-GlassFish-v3.src" value="" />
    <property name="nb.internal.action.name" value="test.single" />
    <property name="libs.JAXB-ENDORSED.classpath" value="C:\Program Files (x86)\NetBeans 8.1\ide\modules\ext\jaxb\api\jaxb-api.jar" />
    <property name="libs.eclipselink.classpath" value="C:\Program Files (x86)\NetBeans 8.1\java\modules\ext\eclipselink\eclipselink.jar;C:\Program Files (x86)\NetBeans 8.1\java\modules\ext\eclipselink\javax.persistence_2.1.0.v201304241213.jar;C:\Program Files (x86)\NetBeans 8.1\java\modules\ext\eclipselink\org.eclipse.persistence.jpa.jpql_2.5.2.v20140319-9ad6abd.jar" />
    <property name="libs.beans-binding.javadoc" value="C:\Program Files (x86)\NetBeans 8.1\java\docs\beansbinding-1.2.1-doc.zip" />
    <property name="java.awt.graphicsenv" value="sun.awt.Win32GraphicsEnvironment" />
    <property name="java.vm.vendor" value="Oracle Corporation" />
    <property name="libs.CopyLibs.classpath" value="C:\Program Files (x86)\NetBeans 8.1\java\ant\extra\org-netbeans-modules-java-j2seproject-copylibstask.jar" />
    <property name="libs.spring-framework300.classpath" value="C:\Program Files (x86)\NetBeans 8.1\ide\modules\org-apache-commons-logging.jar;C:\Program Files (x86)\NetBeans 8.1\java\modules\ext\cglib-2.2.jar;C:\Program Files (x86)\NetBeans 8.1\java\modules\ext\spring-3.0\spring-aop-3.2.7.RELEASE.jar;C:\Program Files (x86)\NetBeans 8.1\java\modules\ext\spring-3.0\spring-aspects-3.2.7.RELEASE.jar;C:\Program Files (x86)\NetBeans 8.1\java\modules\ext\spring-3.0\spring-beans-3.2.7.RELEASE.jar;C:\Program Files (x86)\NetBeans 8.1\java\modules\ext\spring-3.0\spring-build-src-3.2.7.RELEASE.jar;C:\Program Files (x86)\NetBeans 8.1\java\modules\ext\spring-3.0\spring-context-3.2.7.RELEASE.jar;C:\Program Files (x86)\NetBeans 8.1\java\modules\ext\spring-3.0\spring-context-support-3.2.7.RELEASE.jar;C:\Program Files (x86)\NetBeans 8.1\java\modules\ext\spring-3.0\spring-core-3.2.7.RELEASE.jar;C:\Program Files (x86)\NetBeans 8.1\java\modules\ext\spring-3.0\spring-expression-3.2.7.RELEASE.jar;C:\Program Files (x86)\NetBeans 8.1\java\modules\ext\spring-3.0\spring-framework-bom-3.2.7.RELEASE.jar;C:\Program Files (x86)\NetBeans 8.1\java\modules\ext\spring-3.0\spring-instrument-3.2.7.RELEASE.jar;C:\Program Files (x86)\NetBeans 8.1\java\modules\ext\spring-3.0\spring-instrument-tomcat-3.2.7.RELEASE.jar;C:\Program Files (x86)\NetBeans 8.1\java\modules\ext\spring-3.0\spring-jdbc-3.2.7.RELEASE.jar;C:\Program Files (x86)\NetBeans 8.1\java\modules\ext\spring-3.0\spring-jms-3.2.7.RELEASE.jar;C:\Program Files (x86)\NetBeans 8.1\java\modules\ext\spring-3.0\spring-orm-3.2.7.RELEASE.jar;C:\Program Files (x86)\NetBeans 8.1\java\modules\ext\spring-3.0\spring-oxm-3.2.7.RELEASE.jar;C:\Program Files (x86)\NetBeans 8.1\java\modules\ext\spring-3.0\spring-struts-3.2.7.RELEASE.jar;C:\Program Files (x86)\NetBeans 8.1\java\modules\ext\spring-3.0\spring-test-3.2.7.RELEASE.jar;C:\Program Files (x86)\NetBeans 8.1\java\modules\ext\spring-3.0\spring-tx-3.2.7.RELEASE.jar;C:\Program Files (x86)\NetBeans 8.1\java\modules\ext\spring-3.0\spring-web-3.2.7.RELEASE.jar;C:\Program Files (x86)\NetBeans 8.1\java\modules\ext\spring-3.0\spring-webmvc-3.2.7.RELEASE.jar;C:\Program Files (x86)\NetBeans 8.1\java\modules\ext\spring-3.0\spring-webmvc-portlet-3.2.7.RELEASE.jar" />
    <property name="libs.jsp-compiler.maven-pom" value="" />
    <property name="libs.hamcrest.src" value="" />
    <property name="run.jvmargs" value="" />
    <property name="libs.hibernate4-persistence.classpath" value="C:\Program Files (x86)\NetBeans 8.1\java\modules\ext\hibernate4\antlr-2.7.7.jar;C:\Program Files (x86)\NetBeans 8.1\java\modules\ext\hibernate4\c3p0-0.9.2.1.jar;C:\Program Files (x86)\NetBeans 8.1\java\modules\ext\hibernate4\hibernate-c3p0-4.3.1.Final.jar;C:\Program Files (x86)\NetBeans 8.1\java\modules\ext\hibernate4\mchange-commons-java-0.2.3.4.jar;C:\Program Files (x86)\NetBeans 8.1\java\modules\ext\hibernate4\dom4j-1.6.1.jar;C:\Program Files (x86)\NetBeans 8.1\java\modules\ext\hibernate4\ehcache-core-2.4.3.jar;C:\Program Files (x86)\NetBeans 8.1\java\modules\ext\hibernate4\hibernate-ehcache-4.3.1.Final.jar;C:\Program Files (x86)\NetBeans 8.1\java\modules\ext\hibernate4\hibernate-core-4.3.1.Final.jar;C:\Program Files (x86)\NetBeans 8.1\java\modules\ext\hibernate4\jboss-logging-3.1.3.GA.jar;C:\Program Files (x86)\NetBeans 8.1\java\modules\ext\hibernate4\hibernate-commons-annotations-4.0.4.Final.jar;C:\Program Files (x86)\NetBeans 8.1\java\modules\ext\hibernate4\hibernate-entitymanager-4.3.1.Final.jar;C:\Program Files (x86)\NetBeans 8.1\java\modules\ext\hibernate4\javassist-3.18.1-GA.jar;C:\Program Files (x86)\NetBeans 8.1\java\modules\ext\hibernate4\jboss-transaction-api_1.2_spec-1.0.0.Final.jar;C:\Program Files (x86)\NetBeans 8.1\java\modules\ext\hibernate4\slf4j-api-1.6.1.jar;C:\Program Files (x86)\NetBeans 8.1\java\modules\ext\hibernate4\slf4j-simple-1.6.1.jar;C:\Program Files (x86)\NetBeans 8.1\java\modules\ext\hibernate4\hibernate-jpa-2.1-api-1.0.0.Final.jar" />
    <property name="libs.JAXB-ENDORSED.src" value="" />
    <property name="dist.archive.excludes" value="" />
    <property name="libs.testng.javadoc" value="C:\Program Files (x86)\NetBeans 8.1\platform\docs\testng-6.8.1-javadoc.zip" />
    <property name="libs.DataBindingME-PIM.src" value="C:\Users\Matt\AppData\Roaming\NetBeans\8.1\sources\netbeans_databindingme_pim-src.zip" />
    <property name="libs.PostgreSQLDriver.classpath" value="C:\Program Files (x86)\NetBeans 8.1\ide\modules\ext\postgresql-9.2-1002.jdbc4.jar" />
    <property name="user.script" value="" />
    <property name="libs.jsf12.maven-pom" value="" />
    <property name="libs.hibernate4-persistencemodelgen.classpath" value="C:\Program Files (x86)\NetBeans 8.1\java\modules\ext\hibernate4\hibernate-jpamodelgen-4.3.1.Final.jar" />
    <property name="annotation.processing.source.output" value="build/generated-sources/ap-source-output" />
    <property name="main.class" value="enigma.Enigma" />
    <property name="libs.CopyLibs.src" value="" />
    <property name="build.dir" value="build" />
    <property name="libs.jsp-compilation.classpath" value="C:\Program Files (x86)\NetBeans 8.1\extide\ant\lib\ant.jar;C:\Users\Matt\AppData\Roaming\NetBeans\8.1\modules\ext\servlet3.1-jsp2.3-api.jar;C:\Users\Matt\AppData\Roaming\NetBeans\8.1\modules\ext\glassfish-jspparser-4.0.jar;C:\Users\Matt\AppData\Roaming\NetBeans\8.1\modules\ext\jsf-2_2\javax.faces.jar;C:\Users\Matt\AppData\Roaming\NetBeans\8.1\modules\ext\jstl-api.jar;C:\Program Files (x86)\NetBeans 8.1\extide\ant\lib\ant-launcher.jar" />
    <property name="libs.javaee-api-5.0.classpath" value="C:\Users\Matt\AppData\Roaming\NetBeans\8.1\modules\ext\javaee5.jar" />
    <property name="ant.version" value="Apache Ant(TM) version 1.9.4 compiled on April 29 2014" />
    <property name="file.encoding" value="Cp1252" />
    <property name="build.classes.excludes" value="**/*.java,**/*.form" />
    <property name="javadoc.nonavbar" value="false" />
    <property name="jdkBug6558476" value="false" />
    <property name="libs.spring-webmvc4.0.classpath" value="C:\Program Files (x86)\NetBeans 8.1\java\modules\ext\spring-4\spring-webmvc-4.0.1.RELEASE.jar" />
    <property name="platform.active" value="default_platform" />
    <property name="awt.toolkit" value="sun.awt.windows.WToolkit" />
    <property name="pythonplatform.Python_2.7.9.name" value="Python 2.7.9" />
  </properties>
  <testcase classname="enigma.PlugBoardTest" name="testEncode" time="0.011">
    <error type="java.lang.NullPointerException">java.lang.NullPointerException
	at enigma.PlugBoard.encode(PlugBoard.java:35)
	at enigma.PlugBoardTest.testEncode(PlugBoardTest.java:65)
</error>
  </testcase>
  <testcase classname="enigma.PlugBoardTest" name="testTranslate" time="0.002">
    <failure message="expected:&lt;71&gt; but was:&lt;68&gt;" type="junit.framework.AssertionFailedError">junit.framework.AssertionFailedError: expected:&lt;71&gt; but was:&lt;68&gt;
	at enigma.PlugBoardTest.testTranslate(PlugBoardTest.java:54)
</failure>
  </testcase>
  <system-out><![CDATA[encode
translate
]]></system-out>
  <system-err><![CDATA[]]></system-err>
</testsuite>
